# JRE version: OpenJDK Runtime Environment Temurin-17.0.12+7 (17.0.12+7) (build 17.0.12+7)
# Java VM: OpenJDK 64-Bit Server VM Temurin-17.0.12+7 (17.0.12+7, mixed mode, tiered, compressed oops, compressed class ptrs, parallel gc, windows-amd64)
GC Precious Log:
 CPUs: 4 total, 4 available
 Memory: 8100M
 Large Page Support: Disabled
 NUMA Support: Disabled
 Compressed Oops: Enabled (32-bit)
 Alignments: Space 512K, Generation 512K, Heap 2M
 Heap Min Capacity: 100M
 Heap Initial Capacity: 100M
 Heap Max Capacity: 1G
 Pre-touch: Disabled
 Parallel Workers: 4
Heap:
 PSYoungGen      total 41472K, used 35522K [0x00000000eab00000, 0x00000000ef880000, 0x0000000100000000)
  eden space 28672K, 89% used [0x00000000eab00000,0x00000000ec408db8,0x00000000ec700000)
  from space 12800K, 77% used [0x00000000ec700000,0x00000000ed0a7d60,0x00000000ed380000)
  to   space 23552K, 0% used [0x00000000ee180000,0x00000000ee180000,0x00000000ef880000)
 ParOldGen       total 256512K, used 256058K [0x00000000c0000000, 0x00000000cfa80000, 0x00000000eab00000)
  object space 256512K, 99% used [0x00000000c0000000,0x00000000cfa0ea98,0x00000000cfa80000)
 Metaspace       used 73194K, committed 74432K, reserved 1179648K
  class space    used 7809K, committed 8320K, reserved 1048576K
GC Heap History (20 events):
Event: 59.879 GC heap before
{Heap before GC invocations=162 (full 10):
 PSYoungGen      total 21504K, used 21433K [0x00000000eab00000, 0x00000000ec500000, 0x0000000100000000)
  eden space 17408K, 100% used [0x00000000eab00000,0x00000000ebc00000,0x00000000ebc00000)
  from space 4096K, 98% used [0x00000000ec100000,0x00000000ec4ee5e8,0x00000000ec500000)
  to   space 4608K, 0% used [0x00000000ebc00000,0x00000000ebc00000,0x00000000ec080000)
 ParOldGen       total 255488K, used 216811K [0x00000000c0000000, 0x00000000cf980000, 0x00000000eab00000)
  object space 255488K, 84% used [0x00000000c0000000,0x00000000cd3baf20,0x00000000cf980000)
 Metaspace       used 73181K, committed 74432K, reserved 1179648K
  class space    used 7809K, committed 8320K, reserved 1048576K
}
Event: 59.894 GC heap after
{Heap after GC invocations=162 (full 10):
 PSYoungGen      total 22016K, used 4577K [0x00000000eab00000, 0x00000000ecc00000, 0x0000000100000000)
  eden space 17408K, 0% used [0x00000000eab00000,0x00000000eab00000,0x00000000ebc00000)
  from space 4608K, 99% used [0x00000000ebc00000,0x00000000ec078678,0x00000000ec080000)
  to   space 8192K, 0% used [0x00000000ec400000,0x00000000ec400000,0x00000000ecc00000)
 ParOldGen       total 255488K, used 219748K [0x00000000c0000000, 0x00000000cf980000, 0x00000000eab00000)
  object space 255488K, 86% used [0x00000000c0000000,0x00000000cd6993c8,0x00000000cf980000)
 Metaspace       used 73181K, committed 74432K, reserved 1179648K
  class space    used 7809K, committed 8320K, reserved 1048576K
}
Event: 60.041 GC heap before
{Heap before GC invocations=163 (full 10):
 PSYoungGen      total 22016K, used 21985K [0x00000000eab00000, 0x00000000ecc00000, 0x0000000100000000)
  eden space 17408K, 100% used [0x00000000eab00000,0x00000000ebc00000,0x00000000ebc00000)
  from space 4608K, 99% used [0x00000000ebc00000,0x00000000ec078678,0x00000000ec080000)
  to   space 8192K, 0% used [0x00000000ec400000,0x00000000ec400000,0x00000000ecc00000)
 ParOldGen       total 255488K, used 219748K [0x00000000c0000000, 0x00000000cf980000, 0x00000000eab00000)
  object space 255488K, 86% used [0x00000000c0000000,0x00000000cd6993c8,0x00000000cf980000)
 Metaspace       used 73181K, committed 74432K, reserved 1179648K
  class space    used 7809K, committed 8320K, reserved 1048576K
}
Event: 60.062 GC heap after
{Heap after GC invocations=163 (full 10):
 PSYoungGen      total 26112K, used 6283K [0x00000000eab00000, 0x00000000ecb80000, 0x0000000100000000)
  eden space 18432K, 0% used [0x00000000eab00000,0x00000000eab00000,0x00000000ebd00000)
  from space 7680K, 81% used [0x00000000ec400000,0x00000000eca22e90,0x00000000ecb80000)
  to   space 7168K, 0% used [0x00000000ebd00000,0x00000000ebd00000,0x00000000ec400000)
 ParOldGen       total 255488K, used 221738K [0x00000000c0000000, 0x00000000cf980000, 0x00000000eab00000)
  object space 255488K, 86% used [0x00000000c0000000,0x00000000cd88aa38,0x00000000cf980000)
 Metaspace       used 73181K, committed 74432K, reserved 1179648K
  class space    used 7809K, committed 8320K, reserved 1048576K
}
Event: 60.214 GC heap before
{Heap before GC invocations=164 (full 10):
 PSYoungGen      total 26112K, used 24715K [0x00000000eab00000, 0x00000000ecb80000, 0x0000000100000000)
  eden space 18432K, 100% used [0x00000000eab00000,0x00000000ebd00000,0x00000000ebd00000)
  from space 7680K, 81% used [0x00000000ec400000,0x00000000eca22e90,0x00000000ecb80000)
  to   space 7168K, 0% used [0x00000000ebd00000,0x00000000ebd00000,0x00000000ec400000)
 ParOldGen       total 255488K, used 221738K [0x00000000c0000000, 0x00000000cf980000, 0x00000000eab00000)
  object space 255488K, 86% used [0x00000000c0000000,0x00000000cd88aa38,0x00000000cf980000)
 Metaspace       used 73181K, committed 74432K, reserved 1179648K
  class space    used 7809K, committed 8320K, reserved 1048576K
}
Event: 60.231 GC heap after
{Heap after GC invocations=164 (full 10):
 PSYoungGen      total 25600K, used 7137K [0x00000000eab00000, 0x00000000ed480000, 0x0000000100000000)
  eden space 18432K, 0% used [0x00000000eab00000,0x00000000eab00000,0x00000000ebd00000)
  from space 7168K, 99% used [0x00000000ebd00000,0x00000000ec3f8530,0x00000000ec400000)
  to   space 11264K, 0% used [0x00000000ec980000,0x00000000ec980000,0x00000000ed480000)
 ParOldGen       total 255488K, used 225056K [0x00000000c0000000, 0x00000000cf980000, 0x00000000eab00000)
  object space 255488K, 88% used [0x00000000c0000000,0x00000000cdbc8138,0x00000000cf980000)
 Metaspace       used 73181K, committed 74432K, reserved 1179648K
  class space    used 7809K, committed 8320K, reserved 1048576K
}
Event: 60.361 GC heap before
{Heap before GC invocations=165 (full 10):
 PSYoungGen      total 25600K, used 25569K [0x00000000eab00000, 0x00000000ed480000, 0x0000000100000000)
  eden space 18432K, 100% used [0x00000000eab00000,0x00000000ebd00000,0x00000000ebd00000)
  from space 7168K, 99% used [0x00000000ebd00000,0x00000000ec3f8530,0x00000000ec400000)
  to   space 11264K, 0% used [0x00000000ec980000,0x00000000ec980000,0x00000000ed480000)
 ParOldGen       total 255488K, used 225056K [0x00000000c0000000, 0x00000000cf980000, 0x00000000eab00000)
  object space 255488K, 88% used [0x00000000c0000000,0x00000000cdbc8138,0x00000000cf980000)
 Metaspace       used 73181K, committed 74432K, reserved 1179648K
  class space    used 7809K, committed 8320K, reserved 1048576K
}
Event: 60.382 GC heap after
{Heap after GC invocations=165 (full 10):
 PSYoungGen      total 27648K, used 6808K [0x00000000eab00000, 0x00000000ed080000, 0x0000000100000000)
  eden space 20480K, 0% used [0x00000000eab00000,0x00000000eab00000,0x00000000ebf00000)
  from space 7168K, 94% used [0x00000000ec980000,0x00000000ed0262d0,0x00000000ed080000)
  to   space 8192K, 0% used [0x00000000ec080000,0x00000000ec080000,0x00000000ec880000)
 ParOldGen       total 255488K, used 229227K [0x00000000c0000000, 0x00000000cf980000, 0x00000000eab00000)
  object space 255488K, 89% used [0x00000000c0000000,0x00000000cdfdaf98,0x00000000cf980000)
 Metaspace       used 73181K, committed 74432K, reserved 1179648K
  class space    used 7809K, committed 8320K, reserved 1048576K
}
Event: 60.503 GC heap before
{Heap before GC invocations=166 (full 10):
 PSYoungGen      total 27648K, used 27288K [0x00000000eab00000, 0x00000000ed080000, 0x0000000100000000)
  eden space 20480K, 100% used [0x00000000eab00000,0x00000000ebf00000,0x00000000ebf00000)
  from space 7168K, 94% used [0x00000000ec980000,0x00000000ed0262d0,0x00000000ed080000)
  to   space 8192K, 0% used [0x00000000ec080000,0x00000000ec080000,0x00000000ec880000)
 ParOldGen       total 255488K, used 229227K [0x00000000c0000000, 0x00000000cf980000, 0x00000000eab00000)
  object space 255488K, 89% used [0x00000000c0000000,0x00000000cdfdaf98,0x00000000cf980000)
 Metaspace       used 73181K, committed 74432K, reserved 1179648K
  class space    used 7809K, committed 8320K, reserved 1048576K
}
Event: 60.518 GC heap after
{Heap after GC invocations=166 (full 10):
 PSYoungGen      total 30208K, used 8161K [0x00000000eab00000, 0x00000000ed900000, 0x0000000100000000)
  eden space 22016K, 0% used [0x00000000eab00000,0x00000000eab00000,0x00000000ec080000)
  from space 8192K, 99% used [0x00000000ec080000,0x00000000ec878560,0x00000000ec880000)
  to   space 12288K, 0% used [0x00000000ecd00000,0x00000000ecd00000,0x00000000ed900000)
 ParOldGen       total 255488K, used 232281K [0x00000000c0000000, 0x00000000cf980000, 0x00000000eab00000)
  object space 255488K, 90% used [0x00000000c0000000,0x00000000ce2d66a0,0x00000000cf980000)
 Metaspace       used 73181K, committed 74432K, reserved 1179648K
  class space    used 7809K, committed 8320K, reserved 1048576K
}
Event: 60.646 GC heap before
{Heap before GC invocations=167 (full 10):
 PSYoungGen      total 30208K, used 30177K [0x00000000eab00000, 0x00000000ed900000, 0x0000000100000000)
  eden space 22016K, 100% used [0x00000000eab00000,0x00000000ec080000,0x00000000ec080000)
  from space 8192K, 99% used [0x00000000ec080000,0x00000000ec878560,0x00000000ec880000)
  to   space 12288K, 0% used [0x00000000ecd00000,0x00000000ecd00000,0x00000000ed900000)
 ParOldGen       total 255488K, used 232281K [0x00000000c0000000, 0x00000000cf980000, 0x00000000eab00000)
  object space 255488K, 90% used [0x00000000c0000000,0x00000000ce2d66a0,0x00000000cf980000)
 Metaspace       used 73181K, committed 74432K, reserved 1179648K
  class space    used 7809K, committed 8320K, reserved 1048576K
}
Event: 60.664 GC heap after
{Heap after GC invocations=167 (full 10):
 PSYoungGen      total 32768K, used 8495K [0x00000000eab00000, 0x00000000ed580000, 0x0000000100000000)
  eden space 24064K, 0% used [0x00000000eab00000,0x00000000eab00000,0x00000000ec280000)
  from space 8704K, 97% used [0x00000000ecd00000,0x00000000ed54bf18,0x00000000ed580000)
  to   space 9728K, 0% used [0x00000000ec280000,0x00000000ec280000,0x00000000ecc00000)
 ParOldGen       total 255488K, used 236945K [0x00000000c0000000, 0x00000000cf980000, 0x00000000eab00000)
  object space 255488K, 92% used [0x00000000c0000000,0x00000000ce764588,0x00000000cf980000)
 Metaspace       used 73181K, committed 74432K, reserved 1179648K
  class space    used 7809K, committed 8320K, reserved 1048576K
}
Event: 60.832 GC heap before
{Heap before GC invocations=168 (full 10):
 PSYoungGen      total 32768K, used 32559K [0x00000000eab00000, 0x00000000ed580000, 0x0000000100000000)
  eden space 24064K, 100% used [0x00000000eab00000,0x00000000ec280000,0x00000000ec280000)
  from space 8704K, 97% used [0x00000000ecd00000,0x00000000ed54bf18,0x00000000ed580000)
  to   space 9728K, 0% used [0x00000000ec280000,0x00000000ec280000,0x00000000ecc00000)
 ParOldGen       total 255488K, used 236945K [0x00000000c0000000, 0x00000000cf980000, 0x00000000eab00000)
  object space 255488K, 92% used [0x00000000c0000000,0x00000000ce764588,0x00000000cf980000)
 Metaspace       used 73181K, committed 74432K, reserved 1179648K
  class space    used 7809K, committed 8320K, reserved 1048576K
}
Event: 60.851 GC heap after
{Heap after GC invocations=168 (full 10):
 PSYoungGen      total 33792K, used 9727K [0x00000000eab00000, 0x00000000ee400000, 0x0000000100000000)
  eden space 24064K, 0% used [0x00000000eab00000,0x00000000eab00000,0x00000000ec280000)
  from space 9728K, 99% used [0x00000000ec280000,0x00000000ecbfff90,0x00000000ecc00000)
  to   space 15872K, 0% used [0x00000000ed480000,0x00000000ed480000,0x00000000ee400000)
 ParOldGen       total 255488K, used 241945K [0x00000000c0000000, 0x00000000cf980000, 0x00000000eab00000)
  object space 255488K, 94% used [0x00000000c0000000,0x00000000cec46698,0x00000000cf980000)
 Metaspace       used 73181K, committed 74432K, reserved 1179648K
  class space    used 7809K, committed 8320K, reserved 1048576K
}
Event: 60.931 GC heap before
{Heap before GC invocations=169 (full 10):
 PSYoungGen      total 33792K, used 33791K [0x00000000eab00000, 0x00000000ee400000, 0x0000000100000000)
  eden space 24064K, 100% used [0x00000000eab00000,0x00000000ec280000,0x00000000ec280000)
  from space 9728K, 99% used [0x00000000ec280000,0x00000000ecbfff90,0x00000000ecc00000)
  to   space 15872K, 0% used [0x00000000ed480000,0x00000000ed480000,0x00000000ee400000)
 ParOldGen       total 255488K, used 241945K [0x00000000c0000000, 0x00000000cf980000, 0x00000000eab00000)
  object space 255488K, 94% used [0x00000000c0000000,0x00000000cec46698,0x00000000cf980000)
 Metaspace       used 73186K, committed 74432K, reserved 1179648K
  class space    used 7809K, committed 8320K, reserved 1048576K
}
Event: 60.960 GC heap after
{Heap after GC invocations=169 (full 10):
 PSYoungGen      total 38912K, used 11626K [0x00000000eab00000, 0x00000000ee000000, 0x0000000100000000)
  eden space 27136K, 0% used [0x00000000eab00000,0x00000000eab00000,0x00000000ec580000)
  from space 11776K, 98% used [0x00000000ed480000,0x00000000edfdaa50,0x00000000ee000000)
  to   space 12800K, 0% used [0x00000000ec700000,0x00000000ec700000,0x00000000ed380000)
 ParOldGen       total 255488K, used 247349K [0x00000000c0000000, 0x00000000cf980000, 0x00000000eab00000)
  object space 255488K, 96% used [0x00000000c0000000,0x00000000cf18d508,0x00000000cf980000)
 Metaspace       used 73186K, committed 74432K, reserved 1179648K
  class space    used 7809K, committed 8320K, reserved 1048576K
}
Event: 61.029 GC heap before
{Heap before GC invocations=170 (full 10):
 PSYoungGen      total 38912K, used 38762K [0x00000000eab00000, 0x00000000ee000000, 0x0000000100000000)
  eden space 27136K, 100% used [0x00000000eab00000,0x00000000ec580000,0x00000000ec580000)
  from space 11776K, 98% used [0x00000000ed480000,0x00000000edfdaa50,0x00000000ee000000)
  to   space 12800K, 0% used [0x00000000ec700000,0x00000000ec700000,0x00000000ed380000)
 ParOldGen       total 255488K, used 247349K [0x00000000c0000000, 0x00000000cf980000, 0x00000000eab00000)
  object space 255488K, 96% used [0x00000000c0000000,0x00000000cf18d508,0x00000000cf980000)
 Metaspace       used 73186K, committed 74432K, reserved 1179648K
  class space    used 7809K, committed 8320K, reserved 1048576K
}
Event: 61.057 GC heap after
{Heap after GC invocations=170 (full 10):
 PSYoungGen      total 41472K, used 12792K [0x00000000eab00000, 0x00000000ef700000, 0x0000000100000000)
  eden space 28672K, 0% used [0x00000000eab00000,0x00000000eab00000,0x00000000ec700000)
  from space 12800K, 99% used [0x00000000ec700000,0x00000000ed37e3b8,0x00000000ed380000)
  to   space 23552K, 0% used [0x00000000ee000000,0x00000000ee000000,0x00000000ef700000)
 ParOldGen       total 256512K, used 256209K [0x00000000c0000000, 0x00000000cfa80000, 0x00000000eab00000)
  object space 256512K, 99% used [0x00000000c0000000,0x00000000cfa344e8,0x00000000cfa80000)
 Metaspace       used 73186K, committed 74432K, reserved 1179648K
  class space    used 7809K, committed 8320K, reserved 1048576K
}
Event: 61.057 GC heap before
{Heap before GC invocations=171 (full 11):
 PSYoungGen      total 41472K, used 12792K [0x00000000eab00000, 0x00000000ef700000, 0x0000000100000000)
  eden space 28672K, 0% used [0x00000000eab00000,0x00000000eab00000,0x00000000ec700000)
  from space 12800K, 99% used [0x00000000ec700000,0x00000000ed37e3b8,0x00000000ed380000)
  to   space 23552K, 0% used [0x00000000ee000000,0x00000000ee000000,0x00000000ef700000)
 ParOldGen       total 256512K, used 256209K [0x00000000c0000000, 0x00000000cfa80000, 0x00000000eab00000)
  object space 256512K, 99% used [0x00000000c0000000,0x00000000cfa344e8,0x00000000cfa80000)
 Metaspace       used 73186K, committed 74432K, reserved 1179648K
  class space    used 7809K, committed 8320K, reserved 1048576K
}
Event: 61.729 GC heap after
{Heap after GC invocations=171 (full 11):
 PSYoungGen      total 41472K, used 9887K [0x00000000eab00000, 0x00000000ef880000, 0x0000000100000000)
  eden space 28672K, 0% used [0x00000000eab00000,0x00000000eab00000,0x00000000ec700000)
  from space 12800K, 77% used [0x00000000ec700000,0x00000000ed0a7d60,0x00000000ed380000)
  to   space 23552K, 0% used [0x00000000ee180000,0x00000000ee180000,0x00000000ef880000)
 ParOldGen       total 256512K, used 256058K [0x00000000c0000000, 0x00000000cfa80000, 0x00000000eab00000)
  object space 256512K, 99% used [0x00000000c0000000,0x00000000cfa0ea98,0x00000000cfa80000)
 Metaspace       used 73186K, committed 74432K, reserved 1179648K
  class space    used 7809K, committed 8320K, reserved 1048576K
}

